<?xml version="1.0" encoding="UTF-8"?>
<testsuite xmlns:xsi="http://www.w3.org/2001/XMLSchema-instance" xsi:noNamespaceSchemaLocation="https://maven.apache.org/surefire/maven-surefire-plugin/xsd/surefire-test-report-3.0.xsd" version="3.0" name="com.pm.Q.A_Bot.ApplicationTests" time="8.616" tests="1" errors="0" skipped="0" failures="0">
  <properties>
[...]
</properties>
  <testcase name="contextLoads" classname="com.pm.Q.A_Bot.ApplicationTests" time="1.498">
    <system-out><![CDATA[12:14:06.863 [main] INFO org.springframework.test.context.support.AnnotationConfigContextLoaderUtils -- Could not detect default configuration classes for test class [com.pm.Q.A_Bot.ApplicationTests]: ApplicationTests does not declare any static, non-private, non-final, nested classes annotated with @Configuration.
12:14:07.192 [main] INFO org.springframework.boot.test.context.SpringBootTestContextBootstrapper -- Found @SpringBootConfiguration com.pm.Q.A_Bot.Application for test class com.pm.Q.A_Bot.ApplicationTests

  .   ____          _            __ _ _
 /\\ / ___'_ __ _ _(_)_ __  __ _ \ \ \ \
( ( )\___ | '_ | '_| | '_ \/ _` | \ \ \ \
 \\/  ___)| |_)| | | | | || (_| |  ) ) ) )
  '  |____| .__|_| |_|_| |_\__, | / / / /
 =========|_|==============|___/=/_/_/_/

 :: Spring Boot ::                (v3.3.5)

2025-09-09T12:14:08.223+05:30  INFO 9084 --- [rag-app] [           main] com.pm.Q.A_Bot.ApplicationTests          : Starting ApplicationTests using Java 23.0.1 with PID 9084 (started by LENOVO in C:\Users\LENOVO\Downloads\Q-A_Bot)
2025-09-09T12:14:08.226+05:30  INFO 9084 --- [rag-app] [           main] com.pm.Q.A_Bot.ApplicationTests          : No active profile set, falling back to 1 default profile: "default"
Pinecone Index: rag-docs
2025-09-09T12:14:13.577+05:30  INFO 9084 --- [rag-app] [           main] com.pm.Q.A_Bot.ApplicationTests          : Started ApplicationTests in 6.058 seconds (process running for 8.085)
]]></system-out>
    <system-err><![CDATA[WARNING: A Java agent has been loaded dynamically (C:\Users\LENOVO\.m2\repository\net\bytebuddy\byte-buddy-agent\1.14.19\byte-buddy-agent-1.14.19.jar)
WARNING: If a serviceability tool is in use, please run with -XX:+EnableDynamicAgentLoading to hide this warning
WARNING: If a serviceability tool is not in use, please run with -Djdk.instrument.traceUsage for more information
WARNING: Dynamic loading of agents will be disallowed by default in a future release
]]></system-err>
  </testcase>
</testsuite>